TN:
SF:src/modules/appointments/services/CreateAppointmentService.ts
FN:15,(anonymous_18)
FN:18,CreateAppointmentService
FN:25,(anonymous_20)
FNF:3
FNH:3
FNDA:1,(anonymous_18)
FNDA:2,CreateAppointmentService
FNDA:3,(anonymous_20)
DA:1,1
DA:2,1
DA:4,1
DA:15,1
DA:22,2
DA:25,3
DA:26,3
DA:28,3
DA:32,3
DA:33,1
DA:36,2
DA:41,2
DA:43,1
DA:45,1
LF:14
LH:14
BRDA:32,0,0,1
BRDA:32,0,1,2
BRF:2
BRH:2
end_of_record
TN:
SF:src/modules/users/services/AuthUserService.ts
FN:21,(anonymous_18)
FN:26,AuthUserService
FN:34,(anonymous_20)
FNF:3
FNH:3
FNDA:1,(anonymous_18)
FNDA:3,AuthUserService
FNDA:3,(anonymous_20)
DA:1,1
DA:2,1
DA:3,1
DA:4,1
DA:21,1
DA:30,3
DA:31,3
DA:34,3
DA:35,3
DA:37,3
DA:38,1
DA:41,2
DA:46,2
DA:47,1
DA:50,1
DA:51,1
DA:56,1
DA:61,1
DA:63,1
LF:19
LH:19
BRDA:35,0,0,3
BRDA:37,1,0,1
BRDA:37,1,1,2
BRDA:46,2,0,1
BRDA:46,2,1,1
BRF:5
BRH:5
end_of_record
TN:
SF:src/modules/users/services/CreateUserService.ts
FN:15,(anonymous_18)
FN:20,CreateUserService
FN:28,(anonymous_20)
FNF:3
FNH:3
FNDA:2,(anonymous_18)
FNDA:4,CreateUserService
FNDA:5,(anonymous_20)
DA:1,2
DA:2,2
DA:15,2
DA:24,4
DA:25,4
DA:28,5
DA:29,5
DA:31,5
DA:32,1
DA:35,4
DA:37,4
DA:43,4
DA:45,2
DA:47,2
LF:14
LH:14
BRDA:29,0,0,5
BRDA:31,1,0,1
BRDA:31,1,1,4
BRF:3
BRH:3
end_of_record
TN:
SF:src/modules/users/services/UpdateUserAvatarService.ts
FN:18,(anonymous_18)
FN:23,UpdateUserAvatarService
FN:31,(anonymous_20)
FNF:3
FNH:3
FNDA:1,(anonymous_18)
FNDA:3,UpdateUserAvatarService
FNDA:4,(anonymous_20)
DA:3,1
DA:5,1
DA:18,1
DA:27,3
DA:28,3
DA:31,4
DA:32,4
DA:34,4
DA:35,1
DA:38,5
DA:39,2
DA:42,3
DA:44,3
DA:46,6
DA:48,3
DA:50,1
DA:52,1
LF:17
LH:17
BRDA:32,0,0,4
BRDA:32,0,1,3
BRDA:34,1,0,1
BRDA:34,1,1,3
BRDA:38,2,0,2
BRDA:38,2,1,1
BRF:6
BRH:6
end_of_record
